{"level":"error","message":"Internal server error","timestamp":"2021-12-28T06:26:33.402Z"}
{"level":"error","message":"Internal server error","timestamp":"2021-12-28T06:26:33.420Z"}
{"_original":{"userId":"61bc2f500dedba5868fb397f"},"details":[{"context":{"key":"title","label":"title"},"message":"\"title\" is required","path":["title"],"type":"any.required"}],"level":"error","timestamp":"2021-12-28T10:20:12.564Z"}
{"level":"error","message":"Error occured......","timestamp":"2021-12-29T02:38:44.224Z"}
{"level":"error","message":"Wrong Information entered...","timestamp":"2021-12-29T02:38:44.226Z"}
{"_original":{"userId":"61bc2f500dedba5868fb397f"},"details":[{"context":{"key":"title","label":"title"},"message":"\"title\" is required","path":["title"],"type":"any.required"}],"level":"error","timestamp":"2021-12-29T02:48:39.048Z"}
{"_original":{"description":"google is good search engine","title":"c","userId":"61bc2f500dedba5868fb397f"},"details":[{"context":{"key":"title","label":"title","limit":3,"value":"c"},"message":"\"title\" length must be at least 3 characters long","path":["title"],"type":"string.min"}],"level":"error","timestamp":"2021-12-29T02:48:39.303Z"}
{"_original":{"description":"googl","title":"google","userId":"61bc2f500dedba5868fb397f"},"details":[{"context":{"key":"description","label":"description","limit":8,"value":"googl"},"message":"\"description\" length must be at least 8 characters long","path":["description"],"type":"string.min"}],"level":"error","timestamp":"2021-12-29T02:48:39.337Z"}
{"level":"error","message":"Wrong Input Validations","timestamp":"2021-12-29T02:48:39.900Z"}
{"level":"error","message":"Wrong Input Validations","timestamp":"2021-12-29T02:48:39.954Z"}
{"level":"error","message":"Wrong Input Validations","timestamp":"2021-12-29T02:48:40.021Z"}
{"level":"error","message":"Wrong Input Validations","timestamp":"2021-12-29T02:48:40.040Z"}
{"level":"error","message":"Invalid User","timestamp":"2021-12-29T02:48:40.191Z"}
{"level":"error","message":"Invalid Credential","timestamp":"2021-12-29T02:48:40.191Z"}
{"level":"error","message":"Wrong Information entered...","timestamp":"2021-12-29T02:48:40.191Z"}
{"level":"error","message":"Internal server error","timestamp":"2021-12-29T02:48:44.446Z"}
{"level":"error","message":"Internal server error","timestamp":"2021-12-29T02:48:44.562Z"}
{"_original":{"userId":"61bc2f500dedba5868fb397f"},"details":[{"context":{"key":"title","label":"title"},"message":"\"title\" is required","path":["title"],"type":"any.required"}],"level":"error","timestamp":"2021-12-29T02:53:24.114Z"}
{"_original":{"description":"google is good search engine","title":"c","userId":"61bc2f500dedba5868fb397f"},"details":[{"context":{"key":"title","label":"title","limit":3,"value":"c"},"message":"\"title\" length must be at least 3 characters long","path":["title"],"type":"string.min"}],"level":"error","timestamp":"2021-12-29T02:53:24.349Z"}
{"_original":{"description":"googl","title":"google","userId":"61bc2f500dedba5868fb397f"},"details":[{"context":{"key":"description","label":"description","limit":8,"value":"googl"},"message":"\"description\" length must be at least 8 characters long","path":["description"],"type":"string.min"}],"level":"error","timestamp":"2021-12-29T02:53:24.365Z"}
{"_original":{"description":"google is good search engine","title":"c","userId":"61bc2f500dedba5868fb397f"},"details":[{"context":{"key":"title","label":"title","limit":3,"value":"c"},"message":"\"title\" length must be at least 3 characters long","path":["title"],"type":"string.min"}],"level":"error","timestamp":"2021-12-29T02:54:43.940Z"}
{"_original":{"description":"googl","title":"google","userId":"61bc2f500dedba5868fb397f"},"details":[{"context":{"key":"description","label":"description","limit":8,"value":"googl"},"message":"\"description\" length must be at least 8 characters long","path":["description"],"type":"string.min"}],"level":"error","timestamp":"2021-12-29T02:54:43.964Z"}
{"_original":{"userId":"61bc2f500dedba5868fb397f"},"details":[{"context":{"key":"title","label":"title"},"message":"\"title\" is required","path":["title"],"type":"any.required"}],"level":"error","timestamp":"2021-12-29T03:36:04.903Z"}
{"_original":{"description":"google is good search engine","title":"c","userId":"61bc2f500dedba5868fb397f"},"details":[{"context":{"key":"title","label":"title","limit":3,"value":"c"},"message":"\"title\" length must be at least 3 characters long","path":["title"],"type":"string.min"}],"level":"error","timestamp":"2021-12-29T03:36:05.152Z"}
{"_original":{"description":"googl","title":"google","userId":"61bc2f500dedba5868fb397f"},"details":[{"context":{"key":"description","label":"description","limit":8,"value":"googl"},"message":"\"description\" length must be at least 8 characters long","path":["description"],"type":"string.min"}],"level":"error","timestamp":"2021-12-29T03:36:05.203Z"}
{"level":"error","message":"Wrong Input Validations","timestamp":"2021-12-29T03:36:06.063Z"}
{"level":"error","message":"Wrong Input Validations","timestamp":"2021-12-29T03:36:06.076Z"}
{"level":"error","message":"Wrong Input Validations","timestamp":"2021-12-29T03:36:06.087Z"}
{"level":"error","message":"Invalid User","timestamp":"2021-12-29T03:36:06.239Z"}
{"level":"error","message":"Invalid Credential","timestamp":"2021-12-29T03:36:06.239Z"}
{"level":"error","message":"Wrong Information entered...","timestamp":"2021-12-29T03:36:06.239Z"}
{"_original":{"userId":"61bc2f500dedba5868fb397f"},"details":[{"context":{"key":"title","label":"title"},"message":"\"title\" is required","path":["title"],"type":"any.required"}],"level":"error","timestamp":"2021-12-29T04:28:28.684Z"}
{"kind":"ObjectId","level":"error","path":"_id","reason":{},"stringValue":"\"{id}\"","timestamp":"2021-12-29T05:49:03.476Z","value":"{id}","valueType":"string"}
{"kind":"ObjectId","level":"error","path":"_id","reason":{},"stringValue":"\"{id}\"","timestamp":"2021-12-29T05:49:03.479Z","value":"{id}","valueType":"string"}
{"kind":"ObjectId","level":"error","path":"_id","reason":{},"stringValue":"\"{id}\"","timestamp":"2021-12-29T05:49:03.484Z","value":"{id}","valueType":"string"}
{"kind":"ObjectId","level":"error","path":"_id","reason":{},"stringValue":"\":id\"","timestamp":"2021-12-29T05:54:17.812Z","value":":id","valueType":"string"}
{"kind":"ObjectId","level":"error","path":"_id","reason":{},"stringValue":"\":id\"","timestamp":"2021-12-29T05:54:17.814Z","value":":id","valueType":"string"}
{"kind":"ObjectId","level":"error","path":"_id","reason":{},"stringValue":"\":id\"","timestamp":"2021-12-29T05:54:17.815Z","value":":id","valueType":"string"}
{"kind":"ObjectId","level":"error","path":"_id","reason":{},"stringValue":"\":id\"","timestamp":"2021-12-29T05:54:44.430Z","value":":id","valueType":"string"}
{"kind":"ObjectId","level":"error","path":"_id","reason":{},"stringValue":"\":id\"","timestamp":"2021-12-29T05:54:44.433Z","value":":id","valueType":"string"}
{"kind":"ObjectId","level":"error","path":"_id","reason":{},"stringValue":"\":id\"","timestamp":"2021-12-29T05:54:44.433Z","value":":id","valueType":"string"}
{"kind":"ObjectId","level":"error","path":"_id","reason":{},"stringValue":"\":id\"","timestamp":"2021-12-29T05:54:53.635Z","value":":id","valueType":"string"}
{"kind":"ObjectId","level":"error","path":"_id","reason":{},"stringValue":"\":id\"","timestamp":"2021-12-29T05:54:53.636Z","value":":id","valueType":"string"}
{"kind":"ObjectId","level":"error","path":"_id","reason":{},"stringValue":"\":id\"","timestamp":"2021-12-29T05:54:53.637Z","value":":id","valueType":"string"}
{"level":"error","message":"Wrong Input Validations","timestamp":"2021-12-29T06:18:09.877Z"}
{"level":"error","message":"Wrong Input Validations","timestamp":"2021-12-29T06:18:09.895Z"}
{"level":"error","message":"Wrong Input Validations","timestamp":"2021-12-29T06:18:09.911Z"}
{"level":"error","message":"Wrong Input Validations","timestamp":"2021-12-29T06:18:09.924Z"}
{"level":"error","message":"Invalid User","timestamp":"2021-12-29T06:18:10.085Z"}
{"level":"error","message":"Invalid Credential","timestamp":"2021-12-29T06:18:10.086Z"}
{"level":"error","message":"Wrong Information entered...","timestamp":"2021-12-29T06:18:10.086Z"}
{"level":"error","message":"Internal server error","timestamp":"2021-12-29T06:18:14.325Z"}
{"level":"error","message":"Internal server error","timestamp":"2021-12-29T06:18:14.347Z"}
{"level":"error","message":"Wrong Input Validations","timestamp":"2021-12-29T06:27:16.552Z"}
{"level":"error","message":"Wrong Input Validations","timestamp":"2021-12-29T06:27:16.562Z"}
{"level":"error","message":"Wrong Input Validations","timestamp":"2021-12-29T06:27:16.575Z"}
{"level":"error","message":"Invalid User","timestamp":"2021-12-29T06:27:16.773Z"}
{"level":"error","message":"Invalid Credential","timestamp":"2021-12-29T06:27:16.774Z"}
{"level":"error","message":"Wrong Information entered...","timestamp":"2021-12-29T06:27:16.774Z"}
{"level":"error","message":"Internal server error","timestamp":"2021-12-29T06:27:21.127Z"}
{"level":"error","message":"Internal server error","timestamp":"2021-12-29T06:27:21.146Z"}
{"level":"error","message":"Wrong Input Validations","timestamp":"2021-12-29T06:28:21.837Z"}
{"level":"error","message":"Wrong Input Validations","timestamp":"2021-12-29T06:28:21.855Z"}
{"level":"error","message":"Wrong Input Validations","timestamp":"2021-12-29T06:28:21.872Z"}
{"level":"error","message":"Invalid User","timestamp":"2021-12-29T06:28:22.054Z"}
{"level":"error","message":"Invalid Credential","timestamp":"2021-12-29T06:28:22.054Z"}
{"level":"error","message":"Wrong Information entered...","timestamp":"2021-12-29T06:28:22.054Z"}
{"level":"error","message":"Internal server error","timestamp":"2021-12-29T06:28:26.364Z"}
{"level":"error","message":"Internal server error","timestamp":"2021-12-29T06:28:26.378Z"}
{"kind":"ObjectId","level":"error","path":"_id","reason":{},"stringValue":"\"{id}\"","timestamp":"2021-12-29T06:40:22.128Z","value":"{id}","valueType":"string"}
{"kind":"ObjectId","level":"error","path":"_id","reason":{},"stringValue":"\"{id}\"","timestamp":"2021-12-29T06:40:22.130Z","value":"{id}","valueType":"string"}
{"kind":"ObjectId","level":"error","path":"_id","reason":{},"stringValue":"\"{id}\"","timestamp":"2021-12-29T06:40:22.132Z","value":"{id}","valueType":"string"}
{"kind":"ObjectId","level":"error","path":"_id","reason":{},"stringValue":"\"{id}\"","timestamp":"2021-12-29T06:41:13.061Z","value":"{id}","valueType":"string"}
{"kind":"ObjectId","level":"error","path":"_id","reason":{},"stringValue":"\"{id}\"","timestamp":"2021-12-29T06:41:13.063Z","value":"{id}","valueType":"string"}
{"kind":"ObjectId","level":"error","path":"_id","reason":{},"stringValue":"\"{id}\"","timestamp":"2021-12-29T06:41:13.065Z","value":"{id}","valueType":"string"}
{"kind":"ObjectId","level":"error","path":"_id","reason":{},"stringValue":"\"{id}\"","timestamp":"2021-12-29T06:42:23.688Z","value":"{id}","valueType":"string"}
{"kind":"ObjectId","level":"error","path":"_id","reason":{},"stringValue":"\"{id}\"","timestamp":"2021-12-29T06:42:23.690Z","value":"{id}","valueType":"string"}
{"kind":"ObjectId","level":"error","path":"_id","reason":{},"stringValue":"\"{id}\"","timestamp":"2021-12-29T06:42:23.691Z","value":"{id}","valueType":"string"}
{"kind":"ObjectId","level":"error","path":"_id","reason":{},"stringValue":"\"{id}\"","timestamp":"2021-12-29T06:44:54.272Z","value":"{id}","valueType":"string"}
{"kind":"ObjectId","level":"error","path":"_id","reason":{},"stringValue":"\"{id}\"","timestamp":"2021-12-29T06:44:54.279Z","value":"{id}","valueType":"string"}
{"kind":"ObjectId","level":"error","path":"_id","reason":{},"stringValue":"\"{id}\"","timestamp":"2021-12-29T06:44:54.282Z","value":"{id}","valueType":"string"}
{"kind":"ObjectId","level":"error","path":"_id","reason":{},"stringValue":"\":id\"","timestamp":"2021-12-29T06:47:32.382Z","value":":id","valueType":"string"}
{"kind":"ObjectId","level":"error","path":"_id","reason":{},"stringValue":"\":id\"","timestamp":"2021-12-29T06:47:32.385Z","value":":id","valueType":"string"}
{"kind":"ObjectId","level":"error","path":"_id","reason":{},"stringValue":"\":id\"","timestamp":"2021-12-29T06:47:32.387Z","value":":id","valueType":"string"}
{"kind":"ObjectId","level":"error","path":"_id","reason":{},"stringValue":"\"{id}\"","timestamp":"2021-12-29T06:48:59.319Z","value":"{id}","valueType":"string"}
{"kind":"ObjectId","level":"error","path":"_id","reason":{},"stringValue":"\"{id}\"","timestamp":"2021-12-29T06:48:59.321Z","value":"{id}","valueType":"string"}
{"kind":"ObjectId","level":"error","path":"_id","reason":{},"stringValue":"\"{id}\"","timestamp":"2021-12-29T06:48:59.323Z","value":"{id}","valueType":"string"}
{"kind":"ObjectId","level":"error","path":"_id","reason":{},"stringValue":"\"{id}\"","timestamp":"2021-12-29T06:57:12.263Z","value":"{id}","valueType":"string"}
{"kind":"ObjectId","level":"error","path":"_id","reason":{},"stringValue":"\"{id}\"","timestamp":"2021-12-29T06:57:12.266Z","value":"{id}","valueType":"string"}
{"kind":"ObjectId","level":"error","path":"_id","reason":{},"stringValue":"\"{id}\"","timestamp":"2021-12-29T06:57:12.268Z","value":"{id}","valueType":"string"}
{"kind":"ObjectId","level":"error","path":"_id","reason":{},"stringValue":"\"{id}\"","timestamp":"2021-12-29T06:58:19.018Z","value":"{id}","valueType":"string"}
{"kind":"ObjectId","level":"error","path":"_id","reason":{},"stringValue":"\"{id}\"","timestamp":"2021-12-29T06:58:19.020Z","value":"{id}","valueType":"string"}
{"kind":"ObjectId","level":"error","path":"_id","reason":{},"stringValue":"\"{id}\"","timestamp":"2021-12-29T06:58:19.022Z","value":"{id}","valueType":"string"}
{"kind":"ObjectId","level":"error","path":"_id","reason":{},"stringValue":"\"{id}\"","timestamp":"2021-12-29T07:14:50.056Z","value":"{id}","valueType":"string"}
{"kind":"ObjectId","level":"error","path":"_id","reason":{},"stringValue":"\"{id}\"","timestamp":"2021-12-29T07:14:50.060Z","value":"{id}","valueType":"string"}
{"kind":"ObjectId","level":"error","path":"_id","reason":{},"stringValue":"\"{id}\"","timestamp":"2021-12-29T07:14:50.062Z","value":"{id}","valueType":"string"}
{"kind":"ObjectId","level":"error","path":"_id","reason":{},"stringValue":"\"{id}\"","timestamp":"2021-12-29T07:20:39.796Z","value":"{id}","valueType":"string"}
{"kind":"ObjectId","level":"error","path":"_id","reason":{},"stringValue":"\"{id}\"","timestamp":"2021-12-29T07:20:39.803Z","value":"{id}","valueType":"string"}
{"kind":"ObjectId","level":"error","path":"_id","reason":{},"stringValue":"\"{id}\"","timestamp":"2021-12-29T07:20:39.804Z","value":"{id}","valueType":"string"}
{"kind":"ObjectId","level":"error","path":"_id","reason":{},"stringValue":"\"61bc2f500dedba5868f7f\"","timestamp":"2021-12-29T08:29:48.586Z","value":"61bc2f500dedba5868f7f","valueType":"string"}
{"code":11000,"index":0,"keyPattern":{"email":1},"keyValue":{"email":"Humerasingh123@gmail.com"},"level":"error","timestamp":"2021-12-29T12:23:33.994Z"}
{"code":11000,"index":0,"keyPattern":{"email":1},"keyValue":{"email":"Humerasingh123@gmail.com"},"level":"error","timestamp":"2021-12-29T12:23:33.998Z"}
{"level":"error","message":"User already registered.","timestamp":"2021-12-29T12:23:33.999Z"}
{"level":"error","timestamp":"2021-12-29T12:54:02.899Z"}
{"level":"error","timestamp":"2021-12-29T12:56:18.442Z"}
{"level":"error","timestamp":"2021-12-29T12:57:13.537Z"}
{"level":"error","timestamp":"2021-12-29T12:57:55.103Z"}
{"level":"error","timestamp":"2021-12-29T12:57:57.037Z"}
{"_original":{"userId":"61cbca9a0262aaa54e17b8cf"},"details":[{"context":{"key":"title","label":"title"},"message":"\"title\" is required","path":["title"],"type":"any.required"}],"level":"error","timestamp":"2021-12-29T14:33:11.929Z"}
{"level":"error","message":"Id not found","timestamp":"2021-12-29T14:33:12.099Z"}
{"level":"error","message":"Id not found","timestamp":"2021-12-29T14:33:12.099Z"}
{"_original":{"description":"yahoo is good search engine","title":"c","userId":"61cbca9a0262aaa54e17b8cf"},"details":[{"context":{"key":"title","label":"title","limit":3,"value":"c"},"message":"\"title\" length must be at least 3 characters long","path":["title"],"type":"string.min"}],"level":"error","timestamp":"2021-12-29T14:33:12.121Z"}
{"_original":{"description":"googl","title":"google","userId":"61cbca9a0262aaa54e17b8cf"},"details":[{"context":{"key":"description","label":"description","limit":8,"value":"googl"},"message":"\"description\" length must be at least 8 characters long","path":["description"],"type":"string.min"}],"level":"error","timestamp":"2021-12-29T14:33:12.150Z"}
{"level":"error","message":"Id not found","timestamp":"2021-12-29T14:33:12.183Z"}
{"level":"error","message":"Id not found","timestamp":"2021-12-29T14:33:12.184Z"}
{"level":"error","message":"Id not found","timestamp":"2021-12-29T14:33:12.220Z"}
{"level":"error","message":"Id not found","timestamp":"2021-12-29T14:33:12.220Z"}
{"level":"error","message":"Id not found","timestamp":"2021-12-29T14:33:12.254Z"}
{"level":"error","message":"Id not found","timestamp":"2021-12-29T14:33:12.254Z"}
{"kind":"ObjectId","level":"error","path":"_id","reason":{},"stringValue":"\":id\"","timestamp":"2021-12-29T14:33:12.551Z","value":":id","valueType":"string"}
{"kind":"ObjectId","level":"error","path":"_id","reason":{},"stringValue":"\":id\"","timestamp":"2021-12-29T14:33:12.551Z","value":":id","valueType":"string"}
{"kind":"ObjectId","level":"error","path":"_id","reason":{},"stringValue":"\":id\"","timestamp":"2021-12-29T14:33:12.552Z","value":":id","valueType":"string"}
{"kind":"ObjectId","level":"error","path":"_id","reason":{},"stringValue":"\":id\"","timestamp":"2021-12-29T14:33:12.712Z","value":":id","valueType":"string"}
{"kind":"ObjectId","level":"error","path":"_id","reason":{},"stringValue":"\":id\"","timestamp":"2021-12-29T14:33:12.712Z","value":":id","valueType":"string"}
{"kind":"ObjectId","level":"error","path":"_id","reason":{},"stringValue":"\":id\"","timestamp":"2021-12-29T14:33:12.713Z","value":":id","valueType":"string"}
{"_original":{"description":"yahoo is very good search engine","id":"61c8913bdcf696ac219ce3ea","title":"S","userId":"61cbca9a0262aaa54e17b8cf"},"details":[{"context":{"key":"title","label":"title","limit":3,"value":"S"},"message":"\"title\" length must be at least 3 characters long","path":["title"],"type":"string.min"}],"level":"error","timestamp":"2021-12-29T14:33:12.777Z"}
{"_original":{"description":"g","id":"61c8913bdcf696ac219ce3ea","title":"yahoo","userId":"61cbca9a0262aaa54e17b8cf"},"details":[{"context":{"key":"description","label":"description","limit":3,"value":"g"},"message":"\"description\" length must be at least 3 characters long","path":["description"],"type":"string.min"}],"level":"error","timestamp":"2021-12-29T14:33:12.792Z"}
{"kind":"ObjectId","level":"error","path":"_id","reason":{},"stringValue":"\"61bc2f500dedba5868f7f\"","timestamp":"2021-12-29T14:33:12.868Z","value":"61bc2f500dedba5868f7f","valueType":"string"}
{"kind":"ObjectId","level":"error","path":"_id","reason":{},"stringValue":"\"61bc2f500dedba5868f7f\"","timestamp":"2021-12-29T14:33:12.868Z","value":"61bc2f500dedba5868f7f","valueType":"string"}
{"kind":"ObjectId","level":"error","path":"_id","reason":{},"stringValue":"\"61bc2f500dedba5868f7f\"","timestamp":"2021-12-29T14:33:12.868Z","value":"61bc2f500dedba5868f7f","valueType":"string"}
{"level":"error","message":"Wrong Input Validations","timestamp":"2021-12-29T14:33:13.090Z"}
{"level":"error","message":"Wrong Input Validations","timestamp":"2021-12-29T14:33:13.100Z"}
{"level":"error","message":"Wrong Input Validations","timestamp":"2021-12-29T14:33:13.109Z"}
{"level":"error","message":"Invalid User","timestamp":"2021-12-29T14:33:13.125Z"}
{"level":"error","message":"Invalid Credential","timestamp":"2021-12-29T14:33:13.126Z"}
{"level":"error","message":"Wrong Information entered...","timestamp":"2021-12-29T14:33:13.126Z"}
{"level":"error","message":"Invalid User","timestamp":"2021-12-29T14:33:13.147Z"}
{"level":"error","message":"Invalid Credential","timestamp":"2021-12-29T14:33:13.148Z"}
{"level":"error","message":"Wrong Information entered...","timestamp":"2021-12-29T14:33:13.148Z"}
{"level":"error","message":"Invalid Credential","timestamp":"2021-12-29T14:33:13.164Z"}
{"level":"error","message":"Invalid Credential","timestamp":"2021-12-29T14:33:15.216Z"}
{"level":"error","message":"Invalid Credential","timestamp":"2021-12-29T14:33:17.232Z"}
{"level":"error","message":"Invalid Credential","timestamp":"2021-12-29T14:33:19.230Z"}
{"level":"error","message":"Invalid Credential","timestamp":"2021-12-29T14:33:21.232Z"}
{"level":"error","message":"Invalid Credential","timestamp":"2021-12-29T14:33:23.280Z"}
{"code":11000,"index":0,"keyPattern":{"email":1},"keyValue":{"email":"Humerasingh123@gmail.com"},"level":"error","timestamp":"2021-12-30T02:19:46.270Z"}
{"code":11000,"index":0,"keyPattern":{"email":1},"keyValue":{"email":"Humerasingh123@gmail.com"},"level":"error","timestamp":"2021-12-30T02:19:46.273Z"}
{"level":"error","message":"User already registered.","timestamp":"2021-12-30T02:19:46.274Z"}
{"level":"error","message":"Error occured......","timestamp":"2021-12-30T13:34:28.338Z"}
{"level":"error","message":"Wrong Information entered...","timestamp":"2021-12-30T13:34:28.339Z"}
{"code":11000,"index":0,"keyPattern":{"email":1},"keyValue":{"email":"niharika123@gmail.com"},"level":"error","timestamp":"2021-12-30T13:37:34.578Z"}
{"code":11000,"index":0,"keyPattern":{"email":1},"keyValue":{"email":"niharika123@gmail.com"},"level":"error","timestamp":"2021-12-30T13:37:34.583Z"}
{"level":"error","message":"User already registered.","timestamp":"2021-12-30T13:37:34.584Z"}
{"level":"error","message":"Internal server error","timestamp":"2021-12-30T13:41:26.550Z"}
{"level":"error","message":"Internal server error","timestamp":"2021-12-30T13:41:35.688Z"}
{"level":"error","message":null,"timestamp":"2021-12-30T13:48:29.271Z"}
{"level":"error","message":"Wrong Input Validations","timestamp":"2021-12-30T13:55:02.001Z"}
{"level":"error","message":"Wrong Input Validations","timestamp":"2021-12-30T13:55:02.045Z"}
{"level":"error","message":"Wrong Input Validations","timestamp":"2021-12-30T13:55:02.082Z"}
{"level":"error","message":"Invalid User","timestamp":"2021-12-30T13:55:02.207Z"}
{"level":"error","message":"Invalid Credential","timestamp":"2021-12-30T13:55:02.209Z"}
{"level":"error","message":"Wrong Information entered...","timestamp":"2021-12-30T13:55:02.210Z"}
{"level":"error","message":"Invalid User","timestamp":"2021-12-30T13:55:02.281Z"}
{"level":"error","message":"Invalid Credential","timestamp":"2021-12-30T13:55:02.282Z"}
{"level":"error","message":"Wrong Information entered...","timestamp":"2021-12-30T13:55:02.283Z"}
{"level":"error","message":"Internal server error","timestamp":"2021-12-30T13:55:06.868Z"}
{"level":"error","message":"Internal server error","timestamp":"2021-12-30T13:55:06.915Z"}
{"level":"error","message":"Wrong Input Validations","timestamp":"2021-12-30T13:58:09.653Z"}
{"level":"error","message":"Wrong Input Validations","timestamp":"2021-12-30T13:58:09.698Z"}
{"level":"error","message":"Wrong Input Validations","timestamp":"2021-12-30T13:58:09.727Z"}
{"level":"error","message":"Invalid User","timestamp":"2021-12-30T13:58:09.799Z"}
{"level":"error","message":"Invalid Credential","timestamp":"2021-12-30T13:58:09.800Z"}
{"level":"error","message":"Wrong Information entered...","timestamp":"2021-12-30T13:58:09.803Z"}
{"level":"error","message":"Invalid User","timestamp":"2021-12-30T13:58:09.864Z"}
{"level":"error","message":"Invalid Credential","timestamp":"2021-12-30T13:58:09.864Z"}
{"level":"error","message":"Wrong Information entered...","timestamp":"2021-12-30T13:58:09.865Z"}
{"level":"error","message":"Internal server error","timestamp":"2021-12-30T13:58:14.313Z"}
{"level":"error","message":"Internal server error","timestamp":"2021-12-30T13:58:14.361Z"}
{"level":"error","message":"Wrong Input Validations","timestamp":"2021-12-30T13:59:54.141Z"}
{"level":"error","message":"Wrong Input Validations","timestamp":"2021-12-30T13:59:54.177Z"}
{"level":"error","message":"Wrong Input Validations","timestamp":"2021-12-30T13:59:54.220Z"}
{"level":"error","message":"Invalid User","timestamp":"2021-12-30T13:59:54.306Z"}
{"level":"error","message":"Invalid Credential","timestamp":"2021-12-30T13:59:54.308Z"}
{"level":"error","message":"Wrong Information entered...","timestamp":"2021-12-30T13:59:54.309Z"}
{"level":"error","message":"Invalid User","timestamp":"2021-12-30T13:59:54.355Z"}
{"level":"error","message":"Invalid Credential","timestamp":"2021-12-30T13:59:54.355Z"}
{"level":"error","message":"Wrong Information entered...","timestamp":"2021-12-30T13:59:54.356Z"}
{"level":"error","message":"Internal server error","timestamp":"2021-12-30T13:59:58.789Z"}
{"level":"error","message":"Internal server error","timestamp":"2021-12-30T13:59:58.821Z"}
{"level":"error","message":"Wrong Input Validations","timestamp":"2021-12-30T14:02:19.157Z"}
{"level":"error","message":"Wrong Input Validations","timestamp":"2021-12-30T14:02:19.187Z"}
{"level":"error","message":"Wrong Input Validations","timestamp":"2021-12-30T14:02:19.212Z"}
{"level":"error","message":"Invalid User","timestamp":"2021-12-30T14:02:19.441Z"}
{"level":"error","message":"Invalid Credential","timestamp":"2021-12-30T14:02:19.441Z"}
{"level":"error","message":"Wrong Information entered...","timestamp":"2021-12-30T14:02:19.442Z"}
{"level":"error","message":"Internal server error","timestamp":"2021-12-30T14:02:23.795Z"}
{"level":"error","message":"Internal server error","timestamp":"2021-12-30T14:02:23.832Z"}
{"_original":{"userId":"61cdb501eb1d22354bff0ad8"},"details":[{"context":{"key":"title","label":"title"},"message":"\"title\" is required","path":["title"],"type":"any.required"}],"level":"error","timestamp":"2021-12-30T14:11:32.321Z"}
{"_original":{"description":"yahoo is good search engine","title":"c","userId":"61cdb501eb1d22354bff0ad8"},"details":[{"context":{"key":"title","label":"title","limit":3,"value":"c"},"message":"\"title\" length must be at least 3 characters long","path":["title"],"type":"string.min"}],"level":"error","timestamp":"2021-12-30T14:11:32.568Z"}
{"_original":{"description":"googl","title":"google","userId":"61cdb501eb1d22354bff0ad8"},"details":[{"context":{"key":"description","label":"description","limit":8,"value":"googl"},"message":"\"description\" length must be at least 8 characters long","path":["description"],"type":"string.min"}],"level":"error","timestamp":"2021-12-30T14:11:32.592Z"}
{"kind":"ObjectId","level":"error","path":"_id","reason":{},"stringValue":"\":id\"","timestamp":"2021-12-30T14:11:33.164Z","value":":id","valueType":"string"}
{"kind":"ObjectId","level":"error","path":"_id","reason":{},"stringValue":"\":id\"","timestamp":"2021-12-30T14:11:33.165Z","value":":id","valueType":"string"}
{"kind":"ObjectId","level":"error","path":"_id","reason":{},"stringValue":"\":id\"","timestamp":"2021-12-30T14:11:33.165Z","value":":id","valueType":"string"}
{"kind":"ObjectId","level":"error","path":"_id","reason":{},"stringValue":"\":id\"","timestamp":"2021-12-30T14:11:33.311Z","value":":id","valueType":"string"}
{"kind":"ObjectId","level":"error","path":"_id","reason":{},"stringValue":"\":id\"","timestamp":"2021-12-30T14:11:33.312Z","value":":id","valueType":"string"}
{"kind":"ObjectId","level":"error","path":"_id","reason":{},"stringValue":"\":id\"","timestamp":"2021-12-30T14:11:33.312Z","value":":id","valueType":"string"}
{"_original":{"description":"yahoo is very good search engine","id":"61c8913bdcf696ac219ce3ea","title":"S","userId":"61cdb501eb1d22354bff0ad8"},"details":[{"context":{"key":"title","label":"title","limit":3,"value":"S"},"message":"\"title\" length must be at least 3 characters long","path":["title"],"type":"string.min"}],"level":"error","timestamp":"2021-12-30T14:11:33.391Z"}
{"_original":{"description":"g","id":"61c8913bdcf696ac219ce3ea","title":"yahoo","userId":"61cdb501eb1d22354bff0ad8"},"details":[{"context":{"key":"description","label":"description","limit":3,"value":"g"},"message":"\"description\" length must be at least 3 characters long","path":["description"],"type":"string.min"}],"level":"error","timestamp":"2021-12-30T14:11:33.405Z"}
{"kind":"ObjectId","level":"error","path":"_id","reason":{},"stringValue":"\"61bc2f500dedba5868f7f\"","timestamp":"2021-12-30T14:11:33.481Z","value":"61bc2f500dedba5868f7f","valueType":"string"}
{"kind":"ObjectId","level":"error","path":"_id","reason":{},"stringValue":"\"61bc2f500dedba5868f7f\"","timestamp":"2021-12-30T14:11:33.482Z","value":"61bc2f500dedba5868f7f","valueType":"string"}
{"kind":"ObjectId","level":"error","path":"_id","reason":{},"stringValue":"\"61bc2f500dedba5868f7f\"","timestamp":"2021-12-30T14:11:33.482Z","value":"61bc2f500dedba5868f7f","valueType":"string"}
{"_original":{"noteId":":id","userId":"61cdb501eb1d22354bff0ad8"},"details":[{"context":{"key":"noteId","label":"noteId","limit":20,"value":":id"},"message":"\"noteId\" length must be at least 20 characters long","path":["noteId"],"type":"string.min"}],"level":"error","timestamp":"2021-12-30T14:11:33.508Z"}
{"level":"error","message":null,"timestamp":"2021-12-30T14:11:33.559Z"}
{"_original":{"noteId":"61c8913bdcf696aca","userId":"61cdb501eb1d22354bff0ad8"},"details":[{"context":{"key":"noteId","label":"noteId","limit":20,"value":"61c8913bdcf696aca"},"message":"\"noteId\" length must be at least 20 characters long","path":["noteId"],"type":"string.min"}],"level":"error","timestamp":"2021-12-30T14:11:33.574Z"}
{"level":"error","message":null,"timestamp":"2021-12-30T14:11:33.591Z"}
{"level":"error","message":null,"timestamp":"2021-12-30T14:11:33.608Z"}
{"level":"error","message":null,"timestamp":"2021-12-30T14:11:33.631Z"}
{"kind":"ObjectId","level":"error","path":"_id","reason":{},"stringValue":"\"61c8913bdcf696ac219c\"","timestamp":"2021-12-30T14:11:33.647Z","value":"61c8913bdcf696ac219c","valueType":"string"}
{"kind":"ObjectId","level":"error","path":"_id","reason":{},"stringValue":"\"61c8913bdcf696ac219c\"","timestamp":"2021-12-30T14:11:33.648Z","value":"61c8913bdcf696ac219c","valueType":"string"}
{"kind":"ObjectId","level":"error","path":"_id","reason":{},"stringValue":"\"61c8913bdcf696ac219c\"","timestamp":"2021-12-30T14:11:33.648Z","value":"61c8913bdcf696ac219c","valueType":"string"}
{"_original":{"userId":"61cdb501eb1d22354bff0ad8"},"details":[{"context":{"key":"title","label":"title"},"message":"\"title\" is required","path":["title"],"type":"any.required"}],"level":"error","timestamp":"2021-12-30T14:15:32.229Z"}
{"_original":{"description":"yahoo is good search engine","title":"c","userId":"61cdb501eb1d22354bff0ad8"},"details":[{"context":{"key":"title","label":"title","limit":3,"value":"c"},"message":"\"title\" length must be at least 3 characters long","path":["title"],"type":"string.min"}],"level":"error","timestamp":"2021-12-30T14:15:32.511Z"}
{"_original":{"description":"googl","title":"google","userId":"61cdb501eb1d22354bff0ad8"},"details":[{"context":{"key":"description","label":"description","limit":8,"value":"googl"},"message":"\"description\" length must be at least 8 characters long","path":["description"],"type":"string.min"}],"level":"error","timestamp":"2021-12-30T14:15:32.539Z"}
{"kind":"ObjectId","level":"error","path":"_id","reason":{},"stringValue":"\":id\"","timestamp":"2021-12-30T14:15:33.014Z","value":":id","valueType":"string"}
{"kind":"ObjectId","level":"error","path":"_id","reason":{},"stringValue":"\":id\"","timestamp":"2021-12-30T14:15:33.015Z","value":":id","valueType":"string"}
{"kind":"ObjectId","level":"error","path":"_id","reason":{},"stringValue":"\":id\"","timestamp":"2021-12-30T14:15:33.016Z","value":":id","valueType":"string"}
{"kind":"ObjectId","level":"error","path":"_id","reason":{},"stringValue":"\":id\"","timestamp":"2021-12-30T14:15:33.224Z","value":":id","valueType":"string"}
{"kind":"ObjectId","level":"error","path":"_id","reason":{},"stringValue":"\":id\"","timestamp":"2021-12-30T14:15:33.224Z","value":":id","valueType":"string"}
{"kind":"ObjectId","level":"error","path":"_id","reason":{},"stringValue":"\":id\"","timestamp":"2021-12-30T14:15:33.225Z","value":":id","valueType":"string"}
{"_original":{"description":"yahoo is very good search engine","id":"61c8913bdcf696ac219ce3ea","title":"S","userId":"61cdb501eb1d22354bff0ad8"},"details":[{"context":{"key":"title","label":"title","limit":3,"value":"S"},"message":"\"title\" length must be at least 3 characters long","path":["title"],"type":"string.min"}],"level":"error","timestamp":"2021-12-30T14:15:33.323Z"}
{"_original":{"description":"g","id":"61c8913bdcf696ac219ce3ea","title":"yahoo","userId":"61cdb501eb1d22354bff0ad8"},"details":[{"context":{"key":"description","label":"description","limit":3,"value":"g"},"message":"\"description\" length must be at least 3 characters long","path":["description"],"type":"string.min"}],"level":"error","timestamp":"2021-12-30T14:15:33.340Z"}
{"kind":"ObjectId","level":"error","path":"_id","reason":{},"stringValue":"\"61bc2f500dedba5868f7f\"","timestamp":"2021-12-30T14:15:33.424Z","value":"61bc2f500dedba5868f7f","valueType":"string"}
{"kind":"ObjectId","level":"error","path":"_id","reason":{},"stringValue":"\"61bc2f500dedba5868f7f\"","timestamp":"2021-12-30T14:15:33.425Z","value":"61bc2f500dedba5868f7f","valueType":"string"}
{"kind":"ObjectId","level":"error","path":"_id","reason":{},"stringValue":"\"61bc2f500dedba5868f7f\"","timestamp":"2021-12-30T14:15:33.425Z","value":"61bc2f500dedba5868f7f","valueType":"string"}
{"_original":{"noteId":":id","userId":"61cdb501eb1d22354bff0ad8"},"details":[{"context":{"key":"noteId","label":"noteId","limit":20,"value":":id"},"message":"\"noteId\" length must be at least 20 characters long","path":["noteId"],"type":"string.min"}],"level":"error","timestamp":"2021-12-30T14:15:33.442Z"}
{"level":"error","message":null,"timestamp":"2021-12-30T14:15:33.488Z"}
{"_original":{"noteId":"61c8913bdcf696aca","userId":"61cdb501eb1d22354bff0ad8"},"details":[{"context":{"key":"noteId","label":"noteId","limit":20,"value":"61c8913bdcf696aca"},"message":"\"noteId\" length must be at least 20 characters long","path":["noteId"],"type":"string.min"}],"level":"error","timestamp":"2021-12-30T14:15:33.505Z"}
{"level":"error","message":null,"timestamp":"2021-12-30T14:15:33.526Z"}
{"level":"error","message":null,"timestamp":"2021-12-30T14:15:33.544Z"}
{"level":"error","message":null,"timestamp":"2021-12-30T14:15:33.560Z"}
{"kind":"ObjectId","level":"error","path":"_id","reason":{},"stringValue":"\"61c8913bdcf696ac219c\"","timestamp":"2021-12-30T14:15:33.579Z","value":"61c8913bdcf696ac219c","valueType":"string"}
{"kind":"ObjectId","level":"error","path":"_id","reason":{},"stringValue":"\"61c8913bdcf696ac219c\"","timestamp":"2021-12-30T14:15:33.579Z","value":"61c8913bdcf696ac219c","valueType":"string"}
{"kind":"ObjectId","level":"error","path":"_id","reason":{},"stringValue":"\"61c8913bdcf696ac219c\"","timestamp":"2021-12-30T14:15:33.580Z","value":"61c8913bdcf696ac219c","valueType":"string"}
{"level":"error","message":"Wrong Input Validations","timestamp":"2022-01-06T02:24:19.842Z"}
{"level":"error","message":"Wrong Input Validations","timestamp":"2022-01-06T02:24:19.869Z"}
{"level":"error","message":"Wrong Input Validations","timestamp":"2022-01-06T02:24:19.883Z"}
{"level":"error","message":"Invalid User","timestamp":"2022-01-06T02:24:20.059Z"}
{"level":"error","message":"Invalid Credential","timestamp":"2022-01-06T02:24:20.060Z"}
{"level":"error","message":"Wrong Information entered...","timestamp":"2022-01-06T02:24:20.060Z"}
{"level":"error","message":"Internal server error","timestamp":"2022-01-06T02:24:24.375Z"}
{"level":"error","message":"Internal server error","timestamp":"2022-01-06T02:24:24.388Z"}
