{"level":"info","message":"Successfully updated.....","timestamp":"2021-12-27T15:07:03.495Z"}
{"level":"info","message":"Successfully updated.....","timestamp":"2021-12-28T02:07:07.552Z"}
{"level":"info","message":"Successfully updated.....","timestamp":"2021-12-28T03:58:49.286Z"}
{"level":"info","message":"Email id found","timestamp":"2021-12-28T03:59:23.643Z"}
{"level":"info","message":{"__v":0,"_id":"61bc2f500dedba5868fb397f","createdAt":"2021-12-17T06:33:53.064Z","email":"mallepogualankritha@gmail.com","firstName":"Mallepogu","lastName":"Alankritha","password":"$2b$10$MzcteemqGUuHTRMfqxOwl.lI216BK7l92Xre/G91Dwp8B4G7Qx1um","updatedAt":"2021-12-28T03:58:49.208Z"},"timestamp":"2021-12-28T03:59:24.023Z"}
{"level":"info","message":"User logged in successfully","timestamp":"2021-12-28T03:59:24.036Z"}
{"level":"info","message":"Email id found","timestamp":"2021-12-28T06:01:20.025Z"}
{"level":"info","message":{"__v":0,"_id":"61bc2f500dedba5868fb397f","createdAt":"2021-12-17T06:33:53.064Z","email":"mallepogualankritha@gmail.com","firstName":"Mallepogu","lastName":"Alankritha","password":"$2b$10$MzcteemqGUuHTRMfqxOwl.lI216BK7l92Xre/G91Dwp8B4G7Qx1um","updatedAt":"2021-12-28T03:58:49.208Z"},"timestamp":"2021-12-28T06:01:20.305Z"}
{"level":"info","message":"User logged in successfully","timestamp":"2021-12-28T06:01:20.323Z"}
{"level":"error","message":"Internal server error","timestamp":"2021-12-28T06:26:33.401Z"}
{"level":"error","message":"Internal server error","timestamp":"2021-12-28T06:26:33.419Z"}
{"level":"info","message":"Successfully updated.....","timestamp":"2021-12-28T06:26:33.560Z"}
{"_original":{"userId":"61bc2f500dedba5868fb397f"},"details":[{"context":{"key":"title","label":"title"},"message":"\"title\" is required","path":["title"],"type":"any.required"}],"level":"error","timestamp":"2021-12-28T10:20:12.554Z"}
{"level":"info","message":{"__v":0,"_id":"61cae5c01397ff22bf2abf19","createdAt":"2021-12-28T10:24:00.157Z","description":"hello world hellow world","title":"helloooooooo","updatedAt":"2021-12-28T10:24:00.157Z","userId":"61bc2f500dedba5868fb397f"},"timestamp":"2021-12-28T10:24:00.233Z"}
{"level":"info","message":{"__v":0,"_id":"61cae5c01397ff22bf2abf19","createdAt":"2021-12-28T10:24:00.157Z","description":"hello world hellow world","title":"helloooooooo","updatedAt":"2021-12-28T10:24:00.157Z","userId":"61bc2f500dedba5868fb397f"},"timestamp":"2021-12-28T10:24:00.235Z"}
{"level":"info","message":"Successfully inserted note","timestamp":"2021-12-28T10:24:00.238Z"}
{"level":"info","message":{"__v":0,"_id":"61cae6fd1397ff22bf2abf1b","createdAt":"2021-12-28T10:29:17.440Z","description":"hello world hellow world","title":"helloooooooo","updatedAt":"2021-12-28T10:29:17.440Z","userId":"61bc2f500dedba5868fb397f"},"timestamp":"2021-12-28T10:29:17.453Z"}
{"level":"info","message":{"__v":0,"_id":"61cae6fd1397ff22bf2abf1b","createdAt":"2021-12-28T10:29:17.440Z","description":"hello world hellow world","title":"helloooooooo","updatedAt":"2021-12-28T10:29:17.440Z","userId":"61bc2f500dedba5868fb397f"},"timestamp":"2021-12-28T10:29:17.455Z"}
{"level":"info","message":"Successfully inserted note","timestamp":"2021-12-28T10:29:17.457Z"}
{"level":"info","message":{"__v":0,"_id":"61cae7e11397ff22bf2abf1d","createdAt":"2021-12-28T10:33:05.529Z","description":"worlddddddddd efhdoweufhhrghjdesfj","title":"Hellohdihewdgf","updatedAt":"2021-12-28T10:33:05.529Z","userId":"61bc2f500dedba5868fb397f"},"timestamp":"2021-12-28T10:33:05.541Z"}
{"level":"info","message":{"__v":0,"_id":"61cae7e11397ff22bf2abf1d","createdAt":"2021-12-28T10:33:05.529Z","description":"worlddddddddd efhdoweufhhrghjdesfj","title":"Hellohdihewdgf","updatedAt":"2021-12-28T10:33:05.529Z","userId":"61bc2f500dedba5868fb397f"},"timestamp":"2021-12-28T10:33:05.544Z"}
{"level":"info","message":"Successfully inserted note","timestamp":"2021-12-28T10:33:05.547Z"}
